<?xml version="1.0" encoding="UTF-8"?>
<testng-results ignored="1" total="2" passed="1" failed="0" skipped="0">
  <reporter-output>
  </reporter-output>
  <suite started-at="2023-04-27T16:15:28 IST" name="Suite" finished-at="2023-04-27T16:16:00 IST" duration-ms="31456">
    <groups>
      <group name="RegressionTest">
        <method signature="CE5.testcase2()[pri:0, instance:Day7.CE5@67f639d3]" name="testcase2" class="Day7.CE5"/>
      </group> <!-- RegressionTest -->
    </groups>
    <test started-at="2023-04-27T16:15:28 IST" name="Test" finished-at="2023-04-27T16:16:00 IST" duration-ms="31456">
      <class name="Day7.CE5">
        <test-method is-config="true" signature="beforeClass()[pri:0, instance:Day7.CE5@67f639d3]" started-at="2023-04-27T16:15:29 IST" name="beforeClass" finished-at="2023-04-27T16:15:53 IST" duration-ms="24927" status="PASS">
          <reporter-output>
          </reporter-output>
        </test-method> <!-- beforeClass -->
        <test-method signature="testcase2()[pri:0, instance:Day7.CE5@67f639d3]" started-at="2023-04-27T16:15:53 IST" name="testcase2" finished-at="2023-04-27T16:15:54 IST" duration-ms="310" status="PASS">
          <reporter-output>
          </reporter-output>
        </test-method> <!-- testcase2 -->
        <test-method is-config="true" signature="afterClass()[pri:0, instance:Day7.CE5@67f639d3]" started-at="2023-04-27T16:15:54 IST" name="afterClass" finished-at="2023-04-27T16:16:00 IST" duration-ms="6159" status="PASS">
          <reporter-output>
          </reporter-output>
        </test-method> <!-- afterClass -->
      </class> <!-- Day7.CE5 -->
    </test> <!-- Test -->
  </suite> <!-- Suite -->
</testng-results>
